Change Component Designator: Old Designator=C16 New Designator=C22
Change Component Designator: Old Designator=C17 New Designator=C23
Change Component Designator: Old Designator=C18 New Designator=C24
Change Component Designator: Old Designator=C19 New Designator=C25
Change Component Designator: Old Designator=C20 New Designator=C26
Change Component Designator: Old Designator=C21 New Designator=C27
Change Component Designator: Old Designator=C22 New Designator=C17
Change Component Designator: Old Designator=C23 New Designator=C18
Change Component Designator: Old Designator=C24 New Designator=C19
Change Component Designator: Old Designator=C25 New Designator=C20
Change Component Designator: Old Designator=C26 New Designator=C21
Change Component Designator: Old Designator=D5 New Designator=D6
Change Component Designator: Old Designator=D6 New Designator=D7
Change Component Designator: Old Designator=D7 New Designator=D5
Change Component Designator: Old Designator=J2 New Designator=J3
Change Component Designator: Old Designator=J3 New Designator=J2
Change Component Designator: Old Designator=Q2 New Designator=Q3
Change Component Designator: Old Designator=Q3 New Designator=Q4
Change Component Designator: Old Designator=Q4 New Designator=Q2
Change Component Designator: Old Designator=R11 New Designator=R23
Change Component Designator: Old Designator=R12 New Designator=R22
Change Component Designator: Old Designator=R13 New Designator=R24
Change Component Designator: Old Designator=R14 New Designator=R25
Change Component Designator: Old Designator=R15 New Designator=R26
Change Component Designator: Old Designator=R16 New Designator=R27
Change Component Designator: Old Designator=R17 New Designator=R28
Change Component Designator: Old Designator=R18 New Designator=R29
Change Component Designator: Old Designator=R19 New Designator=R31
Change Component Designator: Old Designator=R20 New Designator=R32
Change Component Designator: Old Designator=R21 New Designator=R33
Change Component Designator: Old Designator=R22 New Designator=R14
Change Component Designator: Old Designator=R23 New Designator=R16
Change Component Designator: Old Designator=R24 New Designator=R20
Change Component Designator: Old Designator=R25 New Designator=R18
Change Component Designator: Old Designator=R26 New Designator=R21
Change Component Designator: Old Designator=R27 New Designator=R30
Change Component Designator: Old Designator=R28 New Designator=R15
Change Component Designator: Old Designator=R29 New Designator=R34
Change Component Designator: Old Designator=R30 New Designator=R17
Change Component Designator: Old Designator=R31 New Designator=R19
Change Component Designator: Old Designator=R32 New Designator=R11
Change Component Designator: Old Designator=R33 New Designator=R12
Change Component Designator: Old Designator=R34 New Designator=R13
