Removed Pin From Net: NetName=PinCMOS_3V Pin=C3-1
Removed Pin From Net: NetName=GND Pin=C3-2
Removed Member From Class: ClassName=Page2_Power Member=J4
Change Component Footprint: Designator=C3 Old Footprint=CAP ALU SIZE B New Footprint=CAPMP3216X166_TAJA475K016RNJ(Primary)
Change Component Comment : Designator=C3 Old Comment=Cap Pol SMD New Comment=4.7uF
Change component parameters (AddParameter): Name = "Availability"; Value = "Unavailable"; VariantName = "[No Variations]"
Change component parameters (AddParameter): Name = "MF"; Value = "AVX"; VariantName = "[No Variations]"
Change component parameters (AddParameter): Name = "MP"; Value = "TAJA475K016RNJ"; VariantName = "[No Variations]"
Change component parameters (AddParameter): Name = "Package"; Value = "1206 AVX"; VariantName = "[No Variations]"
Change component parameters (AddParameter): Name = "Price"; Value = "None"; VariantName = "[No Variations]"
Change component parameters (AddParameter): Name = "SnapEDA_Link"; Value = "https://www.snapeda.com/parts/TAJA475K016RNJ/AVX%20/%20Kyocera/view-part/?ref=snap"; VariantName = "[No Variations]"
Change component parameters (AddParameter): Name = "Value"; Value = ""; VariantName = "[No Variations]"
Change component parameters. Clean all parameters for all variants
Change component parameters (AddParameter): Name = "Availability"; Value = "Unavailable"; VariantName = "[No Variations]"
Change component parameters (AddParameter): Name = "MF"; Value = "AVX"; VariantName = "[No Variations]"
Change component parameters (AddParameter): Name = "MP"; Value = "TAJA475K016RNJ"; VariantName = "[No Variations]"
Change component parameters (AddParameter): Name = "Package"; Value = "1206 AVX"; VariantName = "[No Variations]"
Change component parameters (AddParameter): Name = "Price"; Value = "None"; VariantName = "[No Variations]"
Change component parameters (AddParameter): Name = "SnapEDA_Link"; Value = "https://www.snapeda.com/parts/TAJA475K016RNJ/AVX%20/%20Kyocera/view-part/?ref=snap"; VariantName = "[No Variations]"
Change component parameters (AddParameter): Name = "Value"; Value = ""; VariantName = "[No Variations]"
Added Pin To Net: NetName=GND Pin=C3-NEG
Added Pin To Net: NetName=PinCMOS_3V Pin=C3-POS
Added Member To Class: ClassName=Page2_Power Member=Component J1 10118194-0001LF
