Removed Pin From Net: NetName=MCU_FLASH_CE Pin=R7-2
Removed Pin From Net: NetName=MCU_FLASH_CE Pin=U2-1
Removed Pin From Net: NetName=MCU_SPI1_MISO Pin=U2-2
Removed Pin From Net: NetName=MCU_FLASH_WP Pin=U2-3
Removed Pin From Net: NetName=GND Pin=U2-4
Removed Pin From Net: NetName=MCU_SPI1_MOSI Pin=U2-5
Removed Pin From Net: NetName=MCU_SPI1_SCK Pin=U2-6
Removed Pin From Net: NetName=3V3 Pin=U2-8
Change Component Footprint: Designator=U2 Old Footprint=SOIC127P790X216-8N New Footprint=SOIC127P600X175-8N
Change Component Comment : Designator=U2 Old Comment=SST25VF040B-50-4I-S2AE-T New Comment=AT45DB041D-SSU
Change component parameters (AddParameter): Name = "Availability"; Value = "Unavailable"; VariantName = "[No Variations]"
Change component parameters (AddParameter): Name = "MF"; Value = "Microchip"; VariantName = "[No Variations]"
Change component parameters (AddParameter): Name = "MP"; Value = "AT45DB041D-SSU"; VariantName = "[No Variations]"
Change component parameters (AddParameter): Name = "Package"; Value = "SO-8 Microchip"; VariantName = "[No Variations]"
Change component parameters (AddParameter): Name = "Price"; Value = "None"; VariantName = "[No Variations]"
Change component parameters (AddParameter): Name = "SnapEDA_Link"; Value = "https://www.snapeda.com/parts/AT45DB041D-SSU/Microchip/view-part/?ref=snap"; VariantName = "[No Variations]"
Change component parameters (AddParameter): Name = "Value"; Value = ""; VariantName = "[No Variations]"
Change component parameters. Clean all parameters for all variants
Change component parameters (AddParameter): Name = "Availability"; Value = "Unavailable"; VariantName = "[No Variations]"
Change component parameters (AddParameter): Name = "MF"; Value = "Microchip"; VariantName = "[No Variations]"
Change component parameters (AddParameter): Name = "MP"; Value = "AT45DB041D-SSU"; VariantName = "[No Variations]"
Change component parameters (AddParameter): Name = "Package"; Value = "SO-8 Microchip"; VariantName = "[No Variations]"
Change component parameters (AddParameter): Name = "Price"; Value = "None"; VariantName = "[No Variations]"
Change component parameters (AddParameter): Name = "SnapEDA_Link"; Value = "https://www.snapeda.com/parts/AT45DB041D-SSU/Microchip/view-part/?ref=snap"; VariantName = "[No Variations]"
Change component parameters (AddParameter): Name = "Value"; Value = ""; VariantName = "[No Variations]"
Added Pin To Net: NetName=MCU_SPI1_SCK Pin=R7-2
Added Pin To Net: NetName=MCU_SPI1_MOSI Pin=U2-1
Added Pin To Net: NetName=MCU_SPI1_SCK Pin=U2-2
Added Pin To Net: NetName=MCU_FLASH_CE Pin=U2-4
Added Pin To Net: NetName=MCU_FLASH_WP Pin=U2-5
Added Pin To Net: NetName=3V3 Pin=U2-6
Added Pin To Net: NetName=GND Pin=U2-7
Added Pin To Net: NetName=MCU_SPI1_MISO Pin=U2-8
Added Pin To Net: NetName=MCU_FLASH_RESET Pin=2-3
Added Pin To Net: NetName=MCU_FLASH_RESET Pin=R9-2
Added Pin To Net: NetName=MCU_FLASH_RESET Pin=U2-3
Added Net: Name=MCU_FLASH_RESET
