Removed Pin From Net: NetName=GND Pin=J2-3
Removed Pin From Net: NetName=3V3 Pin=J2-4
Removed Pin From Net: NetName=P1.7 Pin=J2-5
Removed Pin From Net: NetName=P1.6 Pin=J2-6
Removed Member From Class: ClassName=TTDT2 Member=J4
Change Component Designator: OldDesignator=C3 NewDesignator=C5
Change Component Designator: OldDesignator=C4 NewDesignator=C6
Change Component Designator: OldDesignator=C5 NewDesignator=C7
Change Component Designator: OldDesignator=C6 NewDesignator=C8
Change Component Designator: OldDesignator=C7 NewDesignator=C3
Change Component Designator: OldDesignator=C8 NewDesignator=C4
Change Component Designator: OldDesignator=J3 NewDesignator=J1
Change Component Designator: OldDesignator=J4 NewDesignator=J2
Change Component Designator: OldDesignator=J5 NewDesignator=J3
Change Component Designator: OldDesignator=R4 NewDesignator=R5
Change Component Designator: OldDesignator=R5 NewDesignator=R8
Add component (AddParameter): Name = "Value"; Value = "DS1307"; VariantName = "[No Variations]"
Added Component: Designator=IC2(DIP8/W0.3)
Add component. Clean all parameters for all variants
Add component (AddParameter): Name = "Value"; Value = "DS1307"; VariantName = "[No Variations]"
Add component (AddParameter): Name = "Link"; Value = ""; VariantName = "[No Variations]"
Add component (AddParameter): Name = "Value"; Value = "4K7"; VariantName = "[No Variations]"
Added Component: Designator=R3(R 1/4W DIP 100mil)
Add component. Clean all parameters for all variants
Add component (AddParameter): Name = "Link"; Value = ""; VariantName = "[No Variations]"
Add component (AddParameter): Name = "Value"; Value = "4K7"; VariantName = "[No Variations]"
Add component (AddParameter): Name = "Link"; Value = ""; VariantName = "[No Variations]"
Add component (AddParameter): Name = "Value"; Value = "4K7"; VariantName = "[No Variations]"
Added Component: Designator=R4(R 1/4W DIP 100mil)
Add component. Clean all parameters for all variants
Add component (AddParameter): Name = "Link"; Value = ""; VariantName = "[No Variations]"
Add component (AddParameter): Name = "Value"; Value = "4K7"; VariantName = "[No Variations]"
Add component (AddParameter): Name = "Link"; Value = ""; VariantName = "[No Variations]"
Add component (AddParameter): Name = "Value"; Value = "32768"; VariantName = "[No Variations]"
Added Component: Designator=Y1(Xtal 32.768kHz 2x6mm DIP)
Add component. Clean all parameters for all variants
Add component (AddParameter): Name = "Link"; Value = ""; VariantName = "[No Variations]"
Add component (AddParameter): Name = "Value"; Value = "32768"; VariantName = "[No Variations]"
Added Pin To Net: NetName=3V3 Pin=IC2-3
Added Pin To Net: NetName=GND Pin=IC2-4
Added Pin To Net: NetName=P1.7 Pin=IC2-5
Added Pin To Net: NetName=P1.6 Pin=IC2-6
Added Pin To Net: NetName=VCC Pin=IC2-8
Added Pin To Net: NetName=P1.7 Pin=R3-1
Added Pin To Net: NetName=3V3 Pin=R3-2
Added Pin To Net: NetName=P1.6 Pin=R4-1
Added Pin To Net: NetName=3V3 Pin=R4-2
Added Pin To Net: NetName=NetIC2_1 Pin=IC2-1
Added Pin To Net: NetName=NetIC2_1 Pin=Y1-1
Added Net: Name=NetIC2_1
Added Pin To Net: NetName=NetIC2_2 Pin=IC2-2
Added Pin To Net: NetName=NetIC2_2 Pin=Y1-2
Added Net: Name=NetIC2_2
Added Member To Class: ClassName=TTDT2 Member=Component IC2 DS1307
Added Member To Class: ClassName=TTDT2 Member=Component R3 Resistor
Added Member To Class: ClassName=TTDT2 Member=Component R8 Resistor
Added Member To Class: ClassName=TTDT2 Member=Component Y1 XTAL
