Add component (AddParameter): Name = "Value"; Value = "PIN 3V"; VariantName = "[No Variations]"
Added Component: Designator=BT1(PIN3V)
Add component. Clean all parameters for all variants
Add component (AddParameter): Name = "Value"; Value = "PIN 3V"; VariantName = "[No Variations]"
Add component (AddParameter): Name = "Value"; Value = "PIN 3V"; VariantName = "[No Variations]"
Added Component: Designator=BT2(PIN3V)
Add component. Clean all parameters for all variants
Add component (AddParameter): Name = "Value"; Value = "PIN 3V"; VariantName = "[No Variations]"
Add component (AddParameter): Name = "Link"; Value = ""; VariantName = "[No Variations]"
Add component (AddParameter): Name = "Value"; Value = "1nF"; VariantName = "[No Variations]"
Added Component: Designator=C1(CN1)
Add component. Clean all parameters for all variants
Add component (AddParameter): Name = "Link"; Value = ""; VariantName = "[No Variations]"
Add component (AddParameter): Name = "Value"; Value = "1nF"; VariantName = "[No Variations]"
Add component (AddParameter): Name = "Link"; Value = ""; VariantName = "[No Variations]"
Add component (AddParameter): Name = "Value"; Value = "100uF/16V"; VariantName = "[No Variations]"
Added Component: Designator=C2(CP2/4 (10x16.5mm))
Add component. Clean all parameters for all variants
Add component (AddParameter): Name = "Link"; Value = ""; VariantName = "[No Variations]"
Add component (AddParameter): Name = "Value"; Value = "100uF/16V"; VariantName = "[No Variations]"
Add component (AddParameter): Name = "Link"; Value = ""; VariantName = "[No Variations]"
Add component (AddParameter): Name = "Value"; Value = "Value"; VariantName = "[No Variations]"
Added Component: Designator=C3(CN1)
Add component. Clean all parameters for all variants
Add component (AddParameter): Name = "Link"; Value = ""; VariantName = "[No Variations]"
Add component (AddParameter): Name = "Value"; Value = "Value"; VariantName = "[No Variations]"
Add component (AddParameter): Name = "Link"; Value = ""; VariantName = "[No Variations]"
Add component (AddParameter): Name = "Value"; Value = "100uF/16V"; VariantName = "[No Variations]"
Added Component: Designator=C4(CP2/4 (10x16.5mm))
Add component. Clean all parameters for all variants
Add component (AddParameter): Name = "Link"; Value = ""; VariantName = "[No Variations]"
Add component (AddParameter): Name = "Value"; Value = "100uF/16V"; VariantName = "[No Variations]"
Add component (AddParameter): Name = "Link"; Value = ""; VariantName = "[No Variations]"
Add component (AddParameter): Name = "Value"; Value = "Value"; VariantName = "[No Variations]"
Added Component: Designator=C5(CN1)
Add component. Clean all parameters for all variants
Add component (AddParameter): Name = "Link"; Value = ""; VariantName = "[No Variations]"
Add component (AddParameter): Name = "Value"; Value = "Value"; VariantName = "[No Variations]"
Add component (AddParameter): Name = "Link"; Value = ""; VariantName = "[No Variations]"
Add component (AddParameter): Name = "Value"; Value = "Value"; VariantName = "[No Variations]"
Added Component: Designator=D1(LED DIP 5mm)
Add component. Clean all parameters for all variants
Add component (AddParameter): Name = "Link"; Value = ""; VariantName = "[No Variations]"
Add component (AddParameter): Name = "Value"; Value = "Value"; VariantName = "[No Variations]"
Added Component: Designator=IC1(Socket 20 Pin)
Add component. Clean all parameters for all variants
Add component (AddParameter): Name = "Link"; Value = ""; VariantName = "[No Variations]"
Added Component: Designator=J1(Header 1x8 Oval)
Add component. Clean all parameters for all variants
Add component (AddParameter): Name = "Link"; Value = ""; VariantName = "[No Variations]"
Add component (AddParameter): Name = "Link"; Value = ""; VariantName = "[No Variations]"
Added Component: Designator=J2(Header 1x8 Oval)
Add component. Clean all parameters for all variants
Add component (AddParameter): Name = "Link"; Value = ""; VariantName = "[No Variations]"
Add component (AddParameter): Name = "Link"; Value = ""; VariantName = "[No Variations]"
Added Component: Designator=J3(Header 1x3 Oval)
Add component. Clean all parameters for all variants
Add component (AddParameter): Name = "Link"; Value = ""; VariantName = "[No Variations]"
Add component (AddParameter): Name = "Link"; Value = ""; VariantName = "[No Variations]"
Added Component: Designator=J4(Header 1x3 Oval)
Add component. Clean all parameters for all variants
Add component (AddParameter): Name = "Link"; Value = ""; VariantName = "[No Variations]"
Add component (AddParameter): Name = "Link"; Value = ""; VariantName = "[No Variations]"
Added Component: Designator=J5(Header 1x3 Oval)
Add component. Clean all parameters for all variants
Add component (AddParameter): Name = "Link"; Value = ""; VariantName = "[No Variations]"
Add component (AddParameter): Name = "Value"; Value = "LCD16x2A"; VariantName = "[No Variations]"
Added Component: Designator=LCD1(LCD16X2)
Add component. Clean all parameters for all variants
Add component (AddParameter): Name = "Value"; Value = "LCD16x2A"; VariantName = "[No Variations]"
Add component (AddParameter): Name = "Link"; Value = ""; VariantName = "[No Variations]"
Add component (AddParameter): Name = "Value"; Value = "47k"; VariantName = "[No Variations]"
Added Component: Designator=R1(R 1/4W DIP 100mil)
Add component. Clean all parameters for all variants
Add component (AddParameter): Name = "Link"; Value = ""; VariantName = "[No Variations]"
Add component (AddParameter): Name = "Value"; Value = "47k"; VariantName = "[No Variations]"
Add component (AddParameter): Name = "Link"; Value = ""; VariantName = "[No Variations]"
Add component (AddParameter): Name = "Value"; Value = "Value"; VariantName = "[No Variations]"
Added Component: Designator=R2(R 1/4W DIP 100mil)
Add component. Clean all parameters for all variants
Add component (AddParameter): Name = "Link"; Value = ""; VariantName = "[No Variations]"
Add component (AddParameter): Name = "Value"; Value = "Value"; VariantName = "[No Variations]"
Add component (AddParameter): Name = "Link"; Value = ""; VariantName = "[No Variations]"
Add component (AddParameter): Name = "Value"; Value = "10K"; VariantName = "[No Variations]"
Added Component: Designator=R3(R 1/4W DIP 100mil)
Add component. Clean all parameters for all variants
Add component (AddParameter): Name = "Link"; Value = ""; VariantName = "[No Variations]"
Add component (AddParameter): Name = "Value"; Value = "10K"; VariantName = "[No Variations]"
Add component (AddParameter): Name = "Link"; Value = ""; VariantName = "[No Variations]"
Add component (AddParameter): Name = "Value"; Value = "1k"; VariantName = "[No Variations]"
Added Component: Designator=R4(R 1/4W DIP 100mil)
Add component. Clean all parameters for all variants
Add component (AddParameter): Name = "Link"; Value = ""; VariantName = "[No Variations]"
Add component (AddParameter): Name = "Value"; Value = "1k"; VariantName = "[No Variations]"
Add component (AddParameter): Name = "Link"; Value = ""; VariantName = "[No Variations]"
Add component (AddParameter): Name = "Value"; Value = ""; VariantName = "[No Variations]"
Added Component: Designator=SW1(SW4 DIP)
Add component. Clean all parameters for all variants
Add component (AddParameter): Name = "Link"; Value = ""; VariantName = "[No Variations]"
Add component (AddParameter): Name = "Value"; Value = ""; VariantName = "[No Variations]"
Add component (AddParameter): Name = "Link"; Value = ""; VariantName = "[No Variations]"
Add component (AddParameter): Name = "Value"; Value = "Value"; VariantName = "[No Variations]"
Added Component: Designator=U1(SOT223-4N)
Add component. Clean all parameters for all variants
Add component (AddParameter): Name = "Link"; Value = ""; VariantName = "[No Variations]"
Add component (AddParameter): Name = "Value"; Value = "Value"; VariantName = "[No Variations]"
Add component (AddParameter): Name = "Link"; Value = ""; VariantName = "[No Variations]"
Add component (AddParameter): Name = "Value"; Value = "Value"; VariantName = "[No Variations]"
Added Component: Designator=VR1(VR Top-adjust)
Add component. Clean all parameters for all variants
Add component (AddParameter): Name = "Link"; Value = ""; VariantName = "[No Variations]"
Add component (AddParameter): Name = "Value"; Value = "Value"; VariantName = "[No Variations]"
Added Pin To Net: NetName=3V3 Pin=C2-2
Added Pin To Net: NetName=3V3 Pin=C3-2
Added Pin To Net: NetName=3V3 Pin=IC1-1
Added Pin To Net: NetName=3V3 Pin=J1-8
Added Pin To Net: NetName=3V3 Pin=J2-4
Added Pin To Net: NetName=3V3 Pin=J4-2
Added Pin To Net: NetName=3V3 Pin=J5-1
Added Pin To Net: NetName=3V3 Pin=LCD1-2
Added Pin To Net: NetName=3V3 Pin=R1-2
Added Pin To Net: NetName=3V3 Pin=R3-2
Added Pin To Net: NetName=3V3 Pin=R4-1
Added Pin To Net: NetName=3V3 Pin=U1-0
Added Pin To Net: NetName=3V3 Pin=U1-2
Added Net: Name=3V3
Added Pin To Net: NetName=ADO Pin=J1-2
Added Net: Name=ADO
Added Pin To Net: NetName=BAT Pin=J2-2
Added Net: Name=BAT
Added Pin To Net: NetName=GND Pin=BT1-2
Added Pin To Net: NetName=GND Pin=C1-1
Added Pin To Net: NetName=GND Pin=C2-1
Added Pin To Net: NetName=GND Pin=C3-1
Added Pin To Net: NetName=GND Pin=C4-1
Added Pin To Net: NetName=GND Pin=C5-1
Added Pin To Net: NetName=GND Pin=D1-2
Added Pin To Net: NetName=GND Pin=IC1-20
Added Pin To Net: NetName=GND Pin=J1-7
Added Pin To Net: NetName=GND Pin=J2-3
Added Pin To Net: NetName=GND Pin=J3-3
Added Pin To Net: NetName=GND Pin=J4-3
Added Pin To Net: NetName=GND Pin=J5-3
Added Pin To Net: NetName=GND Pin=LCD1-1
Added Pin To Net: NetName=GND Pin=LCD1-3
Added Pin To Net: NetName=GND Pin=LCD1-16
Added Pin To Net: NetName=GND Pin=SW1-3
Added Pin To Net: NetName=GND Pin=SW1-4
Added Pin To Net: NetName=GND Pin=U1-1
Added Pin To Net: NetName=GND Pin=VR1-1
Added Net: Name=GND
Added Pin To Net: NetName=INT Pin=J1-1
Added Net: Name=INT
Added Pin To Net: NetName=NetBT1_1 Pin=BT1-1
Added Pin To Net: NetName=NetBT1_1 Pin=BT2-2
Added Net: Name=NetBT1_1
Added Pin To Net: NetName=NetBT2_1 Pin=BT2-1
Added Pin To Net: NetName=NetBT2_1 Pin=C4-2
Added Pin To Net: NetName=NetBT2_1 Pin=C5-2
Added Pin To Net: NetName=NetBT2_1 Pin=U1-3
Added Net: Name=NetBT2_1
Added Pin To Net: NetName=NetD1_1 Pin=D1-1
Added Pin To Net: NetName=NetD1_1 Pin=R4-2
Added Net: Name=NetD1_1
Added Pin To Net: NetName=P1.0 Pin=IC1-2
Added Net: Name=P1.0
Added Pin To Net: NetName=P1.1 Pin=IC1-3
Added Net: Name=P1.1
Added Pin To Net: NetName=P1.2 Pin=IC1-4
Added Net: Name=P1.2
Added Pin To Net: NetName=P1.3 Pin=IC1-5
Added Net: Name=P1.3
Added Pin To Net: NetName=P1.4 Pin=IC1-6
Added Pin To Net: NetName=P1.4 Pin=J4-1
Added Net: Name=P1.4
Added Pin To Net: NetName=P1.5 Pin=IC1-7
Added Net: Name=P1.5
Added Pin To Net: NetName=P1.6 Pin=IC1-14
Added Pin To Net: NetName=P1.6 Pin=J1-6
Added Pin To Net: NetName=P1.6 Pin=J2-6
Added Net: Name=P1.6
Added Pin To Net: NetName=P1.7 Pin=IC1-15
Added Pin To Net: NetName=P1.7 Pin=J1-5
Added Pin To Net: NetName=P1.7 Pin=J2-5
Added Net: Name=P1.7
Added Pin To Net: NetName=P2.0 Pin=IC1-8
Added Pin To Net: NetName=P2.0 Pin=J5-2
Added Pin To Net: NetName=P2.0 Pin=R3-1
Added Net: Name=P2.0
Added Pin To Net: NetName=P2.1 Pin=IC1-9
Added Pin To Net: NetName=P2.1 Pin=LCD1-4
Added Net: Name=P2.1
Added Pin To Net: NetName=P2.2 Pin=IC1-10
Added Pin To Net: NetName=P2.2 Pin=LCD1-5
Added Net: Name=P2.2
Added Pin To Net: NetName=P2.3 Pin=IC1-11
Added Pin To Net: NetName=P2.3 Pin=LCD1-6
Added Net: Name=P2.3
Added Pin To Net: NetName=P2.4 Pin=IC1-12
Added Pin To Net: NetName=P2.4 Pin=LCD1-11
Added Net: Name=P2.4
Added Pin To Net: NetName=P2.5 Pin=IC1-13
Added Pin To Net: NetName=P2.5 Pin=LCD1-12
Added Net: Name=P2.5
Added Pin To Net: NetName=P2.6 Pin=IC1-19
Added Pin To Net: NetName=P2.6 Pin=LCD1-13
Added Net: Name=P2.6
Added Pin To Net: NetName=P2.7 Pin=IC1-18
Added Pin To Net: NetName=P2.7 Pin=LCD1-14
Added Net: Name=P2.7
Added Pin To Net: NetName=RST Pin=C1-2
Added Pin To Net: NetName=RST Pin=IC1-16
Added Pin To Net: NetName=RST Pin=J3-1
Added Pin To Net: NetName=RST Pin=R1-1
Added Pin To Net: NetName=RST Pin=SW1-1
Added Pin To Net: NetName=RST Pin=SW1-2
Added Net: Name=RST
Added Pin To Net: NetName=TEST Pin=IC1-17
Added Pin To Net: NetName=TEST Pin=J3-2
Added Net: Name=TEST
Added Pin To Net: NetName=VCC Pin=VR1-3
Added Net: Name=VCC
Added Pin To Net: NetName=VR1 Pin=LCD1-15
Added Pin To Net: NetName=VR1 Pin=VR1-2
Added Net: Name=VR1
Added Pin To Net: NetName=XCL Pin=J1-3
Added Net: Name=XCL
Added Pin To Net: NetName=XDA Pin=J1-4
Added Net: Name=XDA
Added Class: Name=AT long bus (13.3 x 4.2 inches)
Added Class: Name=TTDT2
Added Room: Name=AT long bus (13.3 x 4.2 inches)
Added Room: Name=TTDT2
