Change Component Designator: OldDesignator=LED3 NewDesignator=L1
Change Component Designator: OldDesignator=LED4 NewDesignator=LED3
Change Component Designator: OldDesignator=R7 NewDesignator=R12
Change Component Designator: OldDesignator=R8 NewDesignator=R7
Change Component Designator: OldDesignator=R9 NewDesignator=R8
Change Component Designator: OldDesignator=R10 NewDesignator=R9
Change Component Designator: OldDesignator=R11 NewDesignator=R10
Change Component Designator: OldDesignator=R12 NewDesignator=R11
Change component parameters (AddParameter): Name = "Value"; Value = "470R"; VariantName = "[No Variations]"
Change component parameters. Clean all parameters for all variants
Change component parameters (AddParameter): Name = "Value"; Value = "470R"; VariantName = "[No Variations]"
Change component parameters (AddParameter): Name = "Value"; Value = "470R"; VariantName = "[No Variations]"
Change component parameters. Clean all parameters for all variants
Change component parameters (AddParameter): Name = "Value"; Value = "470R"; VariantName = "[No Variations]"
Change component parameters (AddParameter): Name = "Value"; Value = "330R"; VariantName = "[No Variations]"
Change component parameters. Clean all parameters for all variants
Change component parameters (AddParameter): Name = "Value"; Value = "330R"; VariantName = "[No Variations]"
Change component parameters (AddParameter): Name = "Value"; Value = "470R"; VariantName = "[No Variations]"
Change component parameters. Clean all parameters for all variants
Change component parameters (AddParameter): Name = "Value"; Value = "470R"; VariantName = "[No Variations]"
Change component parameters (AddParameter): Name = "Value"; Value = "470R"; VariantName = "[No Variations]"
Change component parameters. Clean all parameters for all variants
Change component parameters (AddParameter): Name = "Value"; Value = "470R"; VariantName = "[No Variations]"
Change component parameters (AddParameter): Name = "Value"; Value = "330R"; VariantName = "[No Variations]"
Change component parameters. Clean all parameters for all variants
Change component parameters (AddParameter): Name = "Value"; Value = "330R"; VariantName = "[No Variations]"
Change component parameters (AddParameter): Name = "Value"; Value = "470R"; VariantName = "[No Variations]"
Change component parameters. Clean all parameters for all variants
Change component parameters (AddParameter): Name = "Value"; Value = "470R"; VariantName = "[No Variations]"
Change component parameters (AddParameter): Name = "Value"; Value = "470R"; VariantName = "[No Variations]"
Change component parameters. Clean all parameters for all variants
Change component parameters (AddParameter): Name = "Value"; Value = "470R"; VariantName = "[No Variations]"
Change component parameters (AddParameter): Name = "Value"; Value = "330R"; VariantName = "[No Variations]"
Change component parameters. Clean all parameters for all variants
Change component parameters (AddParameter): Name = "Value"; Value = "330R"; VariantName = "[No Variations]"
Change component parameters (AddParameter): Name = "Value"; Value = "470R"; VariantName = "[No Variations]"
Change component parameters. Clean all parameters for all variants
Change component parameters (AddParameter): Name = "Value"; Value = "470R"; VariantName = "[No Variations]"
Change component parameters (AddParameter): Name = "Value"; Value = "470R"; VariantName = "[No Variations]"
Change component parameters. Clean all parameters for all variants
Change component parameters (AddParameter): Name = "Value"; Value = "470R"; VariantName = "[No Variations]"
Change component parameters (AddParameter): Name = "Value"; Value = "3304"; VariantName = "[No Variations]"
Change component parameters. Clean all parameters for all variants
Change component parameters (AddParameter): Name = "Value"; Value = "3304"; VariantName = "[No Variations]"
Change Net Name : Old Net Name=NetLED3_B New Net Name=NetL1_B
Change Net Name : Old Net Name=NetLED3_G New Net Name=NetL1_G
Change Net Name : Old Net Name=NetLED3_R New Net Name=NetL1_R
Change Net Name : Old Net Name=NetLED4_B New Net Name=NetLED3_B
Change Net Name : Old Net Name=NetLED4_G New Net Name=NetLED3_G
Change Net Name : Old Net Name=NetLED4_R New Net Name=NetLED3_R
