Removed Pin From Net: NetName=GND Pin=D1-2
Removed Pin From Net: NetName=GND Pin=D2-2
Removed Pin From Net: NetName=GND Pin=D3-2
Removed Pin From Net: NetName=GND Pin=D4-2
Removed Pin From Net: NetName=P2.0 Pin=R3-1
Removed Pin From Net: NetName=P2.1 Pin=R4-1
Removed Pin From Net: NetName=P2.2 Pin=R5-1
Removed Pin From Net: NetName=P2.3 Pin=R6-1
Added Pin To Net: NetName=P2.0 Pin=D1-1
Added Pin To Net: NetName=P2.1 Pin=D2-1
Added Pin To Net: NetName=P2.2 Pin=D3-1
Added Pin To Net: NetName=P2.3 Pin=D4-1
Added Pin To Net: NetName=GND Pin=R3-2
Added Pin To Net: NetName=GND Pin=R4-2
Added Pin To Net: NetName=GND Pin=R5-2
Added Pin To Net: NetName=GND Pin=R6-2
Added Pin To Net: NetName=NetD1_2 Pin=D1-2
Added Pin To Net: NetName=NetD1_2 Pin=R3-1
Added Net: Name=NetD1_2
Added Pin To Net: NetName=NetD2_2 Pin=D2-2
Added Pin To Net: NetName=NetD2_2 Pin=R4-1
Added Net: Name=NetD2_2
Added Pin To Net: NetName=NetD3_2 Pin=D3-2
Added Pin To Net: NetName=NetD3_2 Pin=R5-1
Added Net: Name=NetD3_2
Added Pin To Net: NetName=NetD4_2 Pin=D4-2
Added Pin To Net: NetName=NetD4_2 Pin=R6-1
Added Net: Name=NetD4_2
