Removed Pin From Net: NetName=GND Pin=C1-1
Removed Pin From Net: NetName=RST Pin=C1-2
Removed Pin From Net: NetName=GND Pin=C2-1
Removed Pin From Net: NetName=P1.6 Pin=C2-2
Removed Pin From Net: NetName=RST Pin=R1-1
Removed Pin From Net: NetName=3V3 Pin=R1-2
Removed Pin From Net: NetName=P1.6 Pin=R2-1
Removed Pin From Net: NetName=3V3 Pin=R2-2
Removed Pin From Net: NetName=RST Pin=SW1-1
Removed Pin From Net: NetName=RST Pin=SW1-2
Removed Pin From Net: NetName=GND Pin=SW1-3
Removed Pin From Net: NetName=GND Pin=SW1-4
Removed Pin From Net: NetName=P1.6 Pin=SW2-1
Removed Pin From Net: NetName=P1.6 Pin=SW2-2
Removed Pin From Net: NetName=GND Pin=SW2-3
Removed Pin From Net: NetName=GND Pin=SW2-4
Removed Member From Class: ClassName=SNP Member=C1
Removed Member From Class: ClassName=SNP Member=C2
Removed Member From Class: ClassName=SNP Member=R1
Removed Member From Class: ClassName=SNP Member=R2
Removed Member From Class: ClassName=SNP Member=SW1
Removed Member From Class: ClassName=SNP Member=SW2
