Removed Pin From Net: NetName=GND Pin=J1-1
Removed Member From Class: ClassName=SNP Member=J1
Change Component Designator: OldDesignator=C3 NewDesignator=C1
Change Component Designator: OldDesignator=C4 NewDesignator=C2
Change Component Designator: OldDesignator=C5 NewDesignator=C3
Change Component Designator: OldDesignator=R3 NewDesignator=R1
Change Component Designator: OldDesignator=R4 NewDesignator=R2
Change Component Designator: OldDesignator=R5 NewDesignator=R3
Change Component Designator: OldDesignator=R6 NewDesignator=R4
Change Component Designator: OldDesignator=R7 NewDesignator=R5
Change Component Designator: OldDesignator=R8 NewDesignator=R6
Change Component Designator: OldDesignator=R9 NewDesignator=R7
Change Component Designator: OldDesignator=R10 NewDesignator=R8
Change Component Designator: OldDesignator=R11 NewDesignator=R9
Change Component Designator: OldDesignator=R12 NewDesignator=R10
Change Component Designator: OldDesignator=R13 NewDesignator=R11
Change Component Designator: OldDesignator=R14 NewDesignator=R12
Change Component Designator: OldDesignator=R15 NewDesignator=R13
Change Component Designator: OldDesignator=SW3 NewDesignator=SW1
Add component (AddParameter): Name = "LatestRevisionDate"; Value = "17-Jul-2002"; VariantName = "[No Variations]"
Add component (AddParameter): Name = "LatestRevisionNote"; Value = "Re-released for DXP Platform."; VariantName = "[No Variations]"
Add component (AddParameter): Name = "Publisher"; Value = "Altium Limited"; VariantName = "[No Variations]"
Added Component: Designator=P2(JP2H)
Add component. Clean all parameters for all variants
Add component (AddParameter): Name = "LatestRevisionDate"; Value = "17-Jul-2002"; VariantName = "[No Variations]"
Add component (AddParameter): Name = "LatestRevisionNote"; Value = "Re-released for DXP Platform."; VariantName = "[No Variations]"
Add component (AddParameter): Name = "Publisher"; Value = "Altium Limited"; VariantName = "[No Variations]"
Added Pin To Net: NetName=GND Pin=P2-1
Change Net Name : Old Net Name=NetC3_1 New Net Name=NetC1_1
Added Pin To Net: NetName=NetP2_2 Pin=P2-2
Added Pin To Net: NetName=NetP2_2 Pin=SW1-1
Added Net: Name=NetP2_2
Added Member To Class: ClassName=SNP Member=Component P2 Header 2H
