Removed Pin From Net: NetName=P1.0 Pin=R3-1
Removed Pin From Net: NetName=NetLED1_G Pin=R3-2
Removed Pin From Net: NetName=P1.1 Pin=R4-1
Removed Pin From Net: NetName=NetLED1_B Pin=R4-2
Removed Pin From Net: NetName=P1.2 Pin=R5-1
Removed Pin From Net: NetName=NetLED1_R Pin=R5-2
Removed Pin From Net: NetName=P1.3 Pin=R6-1
Removed Pin From Net: NetName=NetLED2_G Pin=R6-2
Removed Pin From Net: NetName=P1.4 Pin=R7-1
Removed Pin From Net: NetName=NetLED2_B Pin=R7-2
Removed Pin From Net: NetName=P1.5 Pin=R8-1
Removed Pin From Net: NetName=NetLED2_R Pin=R8-2
Removed Pin From Net: NetName=P2.0 Pin=R10-1
Removed Pin From Net: NetName=NetLED3_G Pin=R10-2
Removed Pin From Net: NetName=P2.1 Pin=R11-1
Removed Pin From Net: NetName=NetLED3_B Pin=R11-2
Removed Pin From Net: NetName=P2.2 Pin=R12-1
Removed Pin From Net: NetName=NetLED3_R Pin=R12-2
Removed Pin From Net: NetName=P2.3 Pin=R13-1
Removed Pin From Net: NetName=NetLED4_G Pin=R13-2
Removed Pin From Net: NetName=P2.4 Pin=R14-1
Removed Pin From Net: NetName=NetLED4_B Pin=R14-2
Removed Pin From Net: NetName=P2.5 Pin=R15-1
Removed Pin From Net: NetName=NetLED4_R Pin=R15-2
Removed Member From Class: ClassName=SNP Member=R3
Removed Member From Class: ClassName=SNP Member=R4
Removed Member From Class: ClassName=SNP Member=R5
Removed Member From Class: ClassName=SNP Member=R6
Removed Member From Class: ClassName=SNP Member=R7
Removed Member From Class: ClassName=SNP Member=R8
Removed Member From Class: ClassName=SNP Member=R10
Removed Member From Class: ClassName=SNP Member=R11
Removed Member From Class: ClassName=SNP Member=R12
Removed Member From Class: ClassName=SNP Member=R13
Removed Member From Class: ClassName=SNP Member=R14
Removed Member From Class: ClassName=SNP Member=R15
Add component (AddParameter): Name = "Value"; Value = "1K"; VariantName = "[No Variations]"
Added Component: Designator=R?(RES-SM-0805)
Add component. Clean all parameters for all variants
Add component (AddParameter): Name = "Value"; Value = "1K"; VariantName = "[No Variations]"
Add component (AddParameter): Name = "Value"; Value = "1K"; VariantName = "[No Variations]"
Added Component: Designator=R?(RES-SM-0805)
Add component. Clean all parameters for all variants
Add component (AddParameter): Name = "Value"; Value = "1K"; VariantName = "[No Variations]"
Add component (AddParameter): Name = "Value"; Value = "1K"; VariantName = "[No Variations]"
Added Component: Designator=R?(RES-SM-0805)
Add component. Clean all parameters for all variants
Add component (AddParameter): Name = "Value"; Value = "1K"; VariantName = "[No Variations]"
Add component (AddParameter): Name = "Value"; Value = "1K"; VariantName = "[No Variations]"
Added Component: Designator=R?(RES-SM-0805)
Add component. Clean all parameters for all variants
Add component (AddParameter): Name = "Value"; Value = "1K"; VariantName = "[No Variations]"
Add component (AddParameter): Name = "Value"; Value = "1K"; VariantName = "[No Variations]"
Added Component: Designator=R?(RES-SM-0805)
Add component. Clean all parameters for all variants
Add component (AddParameter): Name = "Value"; Value = "1K"; VariantName = "[No Variations]"
Add component (AddParameter): Name = "Value"; Value = "1K"; VariantName = "[No Variations]"
Added Component: Designator=R?(RES-SM-0805)
Add component. Clean all parameters for all variants
Add component (AddParameter): Name = "Value"; Value = "1K"; VariantName = "[No Variations]"
Add component (AddParameter): Name = "Value"; Value = "1K"; VariantName = "[No Variations]"
Added Component: Designator=R?(RES-SM-0805)
Add component. Clean all parameters for all variants
Add component (AddParameter): Name = "Value"; Value = "1K"; VariantName = "[No Variations]"
Add component (AddParameter): Name = "Value"; Value = "1K"; VariantName = "[No Variations]"
Added Component: Designator=R?(RES-SM-0805)
Add component. Clean all parameters for all variants
Add component (AddParameter): Name = "Value"; Value = "1K"; VariantName = "[No Variations]"
Add component (AddParameter): Name = "Value"; Value = "1K"; VariantName = "[No Variations]"
Added Component: Designator=R?(RES-SM-0805)
Add component. Clean all parameters for all variants
Add component (AddParameter): Name = "Value"; Value = "1K"; VariantName = "[No Variations]"
Add component (AddParameter): Name = "Value"; Value = "1K"; VariantName = "[No Variations]"
Added Component: Designator=R?(RES-SM-0805)
Add component. Clean all parameters for all variants
Add component (AddParameter): Name = "Value"; Value = "1K"; VariantName = "[No Variations]"
Add component (AddParameter): Name = "Value"; Value = "1K"; VariantName = "[No Variations]"
Added Component: Designator=R?(RES-SM-0805)
Add component. Clean all parameters for all variants
Add component (AddParameter): Name = "Value"; Value = "1K"; VariantName = "[No Variations]"
Add component (AddParameter): Name = "Value"; Value = "1K"; VariantName = "[No Variations]"
Added Component: Designator=R?(RES-SM-0805)
Add component. Clean all parameters for all variants
Add component (AddParameter): Name = "Value"; Value = "1K"; VariantName = "[No Variations]"
Added Pin To Net: NetName=P1.0 Pin=R?-1
Added Pin To Net: NetName=P1.1 Pin=R?-1
Added Pin To Net: NetName=P1.2 Pin=R?-1
Added Pin To Net: NetName=P1.3 Pin=R?-1
Added Pin To Net: NetName=P1.4 Pin=R?-1
Added Pin To Net: NetName=P1.5 Pin=R?-1
Added Pin To Net: NetName=P2.0 Pin=R?-1
Added Pin To Net: NetName=P2.1 Pin=R?-1
Added Pin To Net: NetName=P2.2 Pin=R?-1
Added Pin To Net: NetName=P2.3 Pin=R?-1
Added Pin To Net: NetName=P2.4 Pin=R?-1
Added Pin To Net: NetName=P2.5 Pin=R?-1
Added Pin To Net: NetName=NetLED1_B Pin=R?-2
Added Pin To Net: NetName=NetLED1_G Pin=R?-2
Added Pin To Net: NetName=NetLED1_R Pin=R?-2
Added Pin To Net: NetName=NetLED2_B Pin=R?-2
Added Pin To Net: NetName=NetLED2_G Pin=R?-2
Added Pin To Net: NetName=NetLED2_R Pin=R?-2
Added Pin To Net: NetName=NetLED3_B Pin=R?-2
Added Pin To Net: NetName=NetLED3_G Pin=R?-2
Added Pin To Net: NetName=NetLED3_R Pin=R?-2
Added Pin To Net: NetName=NetLED4_B Pin=R?-2
Added Pin To Net: NetName=NetLED4_G Pin=R?-2
Added Pin To Net: NetName=NetLED4_R Pin=R?-2
Added Member To Class: ClassName=SNP Member=Component R? RESISTOR SMD
Added Member To Class: ClassName=SNP Member=Component R? RESISTOR SMD
Added Member To Class: ClassName=SNP Member=Component R? RESISTOR SMD
Added Member To Class: ClassName=SNP Member=Component R? RESISTOR SMD
Added Member To Class: ClassName=SNP Member=Component R? RESISTOR SMD
Added Member To Class: ClassName=SNP Member=Component R? RESISTOR SMD
Added Member To Class: ClassName=SNP Member=Component R? RESISTOR SMD
Added Member To Class: ClassName=SNP Member=Component R? RESISTOR SMD
Added Member To Class: ClassName=SNP Member=Component R? RESISTOR SMD
Added Member To Class: ClassName=SNP Member=Component R? RESISTOR SMD
Added Member To Class: ClassName=SNP Member=Component R? RESISTOR SMD
Added Member To Class: ClassName=SNP Member=Component R? RESISTOR SMD
