Add component (AddParameter): Name = "Link"; Value = ""; VariantName = "[No Variations]"
Add component (AddParameter): Name = "Value"; Value = "1nF"; VariantName = "[No Variations]"
Added Component: Designator=C1(C0805)
Add component. Clean all parameters for all variants
Add component (AddParameter): Name = "Link"; Value = ""; VariantName = "[No Variations]"
Add component (AddParameter): Name = "Value"; Value = "1nF"; VariantName = "[No Variations]"
Add component (AddParameter): Name = "Link"; Value = ""; VariantName = "[No Variations]"
Add component (AddParameter): Name = "Value"; Value = "100nF"; VariantName = "[No Variations]"
Added Component: Designator=C2(C0805)
Add component. Clean all parameters for all variants
Add component (AddParameter): Name = "Link"; Value = ""; VariantName = "[No Variations]"
Add component (AddParameter): Name = "Value"; Value = "100nF"; VariantName = "[No Variations]"
Add component (AddParameter): Name = "Link"; Value = ""; VariantName = "[No Variations]"
Add component (AddParameter): Name = "Value"; Value = "47k"; VariantName = "[No Variations]"
Added Component: Designator=R1(R0805)
Add component. Clean all parameters for all variants
Add component (AddParameter): Name = "Link"; Value = ""; VariantName = "[No Variations]"
Add component (AddParameter): Name = "Value"; Value = "47k"; VariantName = "[No Variations]"
Add component (AddParameter): Name = "Link"; Value = ""; VariantName = "[No Variations]"
Add component (AddParameter): Name = "Value"; Value = "10K"; VariantName = "[No Variations]"
Added Component: Designator=R2(R0805)
Add component. Clean all parameters for all variants
Add component (AddParameter): Name = "Link"; Value = ""; VariantName = "[No Variations]"
Add component (AddParameter): Name = "Value"; Value = "10K"; VariantName = "[No Variations]"
Add component (AddParameter): Name = "Link"; Value = ""; VariantName = "[No Variations]"
Add component (AddParameter): Name = "Value"; Value = ""; VariantName = "[No Variations]"
Added Component: Designator=SW1(SW4 DIP)
Add component. Clean all parameters for all variants
Add component (AddParameter): Name = "Link"; Value = ""; VariantName = "[No Variations]"
Add component (AddParameter): Name = "Value"; Value = ""; VariantName = "[No Variations]"
Add component (AddParameter): Name = "Link"; Value = ""; VariantName = "[No Variations]"
Add component (AddParameter): Name = "Value"; Value = ""; VariantName = "[No Variations]"
Added Component: Designator=SW2(SW4 DIP)
Add component. Clean all parameters for all variants
Add component (AddParameter): Name = "Link"; Value = ""; VariantName = "[No Variations]"
Add component (AddParameter): Name = "Value"; Value = ""; VariantName = "[No Variations]"
Added Pin To Net: NetName=GND Pin=C1-1
Added Pin To Net: NetName=RST Pin=C1-2
Added Pin To Net: NetName=GND Pin=C2-1
Added Pin To Net: NetName=RST Pin=R1-1
Added Pin To Net: NetName=3V3 Pin=R1-2
Added Pin To Net: NetName=3V3 Pin=R2-2
Added Pin To Net: NetName=RST Pin=SW1-1
Added Pin To Net: NetName=RST Pin=SW1-2
Added Pin To Net: NetName=GND Pin=SW1-3
Added Pin To Net: NetName=GND Pin=SW1-4
Added Pin To Net: NetName=GND Pin=SW2-3
Added Pin To Net: NetName=GND Pin=SW2-4
Added Pin To Net: NetName=P1.6 Pin=C2-2
Added Pin To Net: NetName=P1.6 Pin=R2-1
Added Pin To Net: NetName=P1.6 Pin=SW2-1
Added Pin To Net: NetName=P1.6 Pin=SW2-2
Added Pin To Net: NetName=P1.6 Pin=U1-14
Added Net: Name=P1.6
Added Member To Class: ClassName=SNP Member=Component C1 Cap Non Pol
Added Member To Class: ClassName=SNP Member=Component C2 Cap Non Pol
Added Member To Class: ClassName=SNP Member=Component R1 Resistor
Added Member To Class: ClassName=SNP Member=Component R2 Resistor
Added Member To Class: ClassName=SNP Member=Component SW1 SW
Added Member To Class: ClassName=SNP Member=Component SW2 SW
