Add component (AddParameter): Name = "Value"; Value = "100pF"; VariantName = "[No Variations]"
Added Component: Designator=C12(CAP-SM-0805)
Add component. Clean all parameters for all variants
Add component (AddParameter): Name = "Value"; Value = "100pF"; VariantName = "[No Variations]"
Add component (AddParameter): Name = "Value"; Value = "33pF"; VariantName = "[No Variations]"
Added Component: Designator=C13(CAP-SM-0805)
Add component. Clean all parameters for all variants
Add component (AddParameter): Name = "Value"; Value = "33pF"; VariantName = "[No Variations]"
Add component (AddParameter): Name = "Value"; Value = "33pF"; VariantName = "[No Variations]"
Added Component: Designator=C14(CAP-SM-0805)
Add component. Clean all parameters for all variants
Add component (AddParameter): Name = "Value"; Value = "33pF"; VariantName = "[No Variations]"
Add component (AddParameter): Name = "Value"; Value = "33pF"; VariantName = "[No Variations]"
Added Component: Designator=C15(CAP-SM-0805)
Add component. Clean all parameters for all variants
Add component (AddParameter): Name = "Value"; Value = "33pF"; VariantName = "[No Variations]"
Add component (AddParameter): Name = "Value"; Value = "33pF"; VariantName = "[No Variations]"
Added Component: Designator=C16(CAP-SM-0805)
Add component. Clean all parameters for all variants
Add component (AddParameter): Name = "Value"; Value = "33pF"; VariantName = "[No Variations]"
Add component (AddParameter): Name = "Value"; Value = "100pF"; VariantName = "[No Variations]"
Added Component: Designator=C17(CP1/2)
Add component. Clean all parameters for all variants
Add component (AddParameter): Name = "Value"; Value = "100pF"; VariantName = "[No Variations]"
Add component (AddParameter): Name = "Value"; Value = "100pF"; VariantName = "[No Variations]"
Added Component: Designator=C18(CAP-SM-0805)
Add component. Clean all parameters for all variants
Add component (AddParameter): Name = "Value"; Value = "100pF"; VariantName = "[No Variations]"
Add component (AddParameter): Name = "Code_JEDEC"; Value = "DO-214-AA"; VariantName = "[No Variations]"
Add component (AddParameter): Name = "LatestRevisionDate"; Value = "17-Jul-2002"; VariantName = "[No Variations]"
Add component (AddParameter): Name = "LatestRevisionNote"; Value = "Re-released for DXP Platform."; VariantName = "[No Variations]"
Add component (AddParameter): Name = "PackageDescription"; Value = "DO-214-AA/SMB; 2 C-Bend Leads; Body 5.3 x 3.6 mm, inc. leads (LxW)"; VariantName = "[No Variations]"
Add component (AddParameter): Name = "PackageReference"; Value = "SMB"; VariantName = "[No Variations]"
Add component (AddParameter): Name = "Published"; Value = "8-Jun-2000"; VariantName = "[No Variations]"
Add component (AddParameter): Name = "Publisher"; Value = "Altium Limited"; VariantName = "[No Variations]"
Added Component: Designator=D8(SS34)
Add component. Clean all parameters for all variants
Add component (AddParameter): Name = "Code_JEDEC"; Value = "DO-214-AA"; VariantName = "[No Variations]"
Add component (AddParameter): Name = "LatestRevisionDate"; Value = "17-Jul-2002"; VariantName = "[No Variations]"
Add component (AddParameter): Name = "LatestRevisionNote"; Value = "Re-released for DXP Platform."; VariantName = "[No Variations]"
Add component (AddParameter): Name = "PackageDescription"; Value = "DO-214-AA/SMB; 2 C-Bend Leads; Body 5.3 x 3.6 mm, inc. leads (LxW)"; VariantName = "[No Variations]"
Add component (AddParameter): Name = "PackageReference"; Value = "SMB"; VariantName = "[No Variations]"
Add component (AddParameter): Name = "Published"; Value = "8-Jun-2000"; VariantName = "[No Variations]"
Add component (AddParameter): Name = "Publisher"; Value = "Altium Limited"; VariantName = "[No Variations]"
Add component (AddParameter): Name = "Arrow Part Number"; Value = "U.FL-R-SMT-1(10)"; VariantName = "[No Variations]"
Add component (AddParameter): Name = "Arrow Price/Stock"; Value = "https://www.arrow.com/en/products/u.fl-r-smt-1-10/hirose-electric"; VariantName = "[No Variations]"
Add component (AddParameter): Name = "Datasheet Link"; Value = "https://www.hirose.com/product/en/download_file/key_name/U.FL-R-SMT-1%2810%29/category/Drawing%20(2D)/doc_file_id/37627/?file_category_id=6&item_id=03310472210&is_series="; VariantName = "[No Variations]"
Add component (AddParameter): Name = "Manufacturer_Name"; Value = "Hirose"; VariantName = "[No Variations]"
Add component (AddParameter): Name = "Manufacturer_Part_Number"; Value = "U.FL-R-SMT-1(10)"; VariantName = "[No Variations]"
Add component (AddParameter): Name = "RS Part Number"; Value = "1757510"; VariantName = "[No Variations]"
Add component (AddParameter): Name = "RS Price/Stock"; Value = "http://uk.rs-online.com/web/p/products/1757510"; VariantName = "[No Variations]"
Added Component: Designator=J1(U.FL-R-SMT-1(10))
Add component. Clean all parameters for all variants
Add component (AddParameter): Name = "Arrow Part Number"; Value = "U.FL-R-SMT-1(10)"; VariantName = "[No Variations]"
Add component (AddParameter): Name = "Arrow Price/Stock"; Value = "https://www.arrow.com/en/products/u.fl-r-smt-1-10/hirose-electric"; VariantName = "[No Variations]"
Add component (AddParameter): Name = "Datasheet Link"; Value = "https://www.hirose.com/product/en/download_file/key_name/U.FL-R-SMT-1%2810%29/category/Drawing%20(2D)/doc_file_id/37627/?file_category_id=6&item_id=03310472210&is_series="; VariantName = "[No Variations]"
Add component (AddParameter): Name = "Manufacturer_Name"; Value = "Hirose"; VariantName = "[No Variations]"
Add component (AddParameter): Name = "Manufacturer_Part_Number"; Value = "U.FL-R-SMT-1(10)"; VariantName = "[No Variations]"
Add component (AddParameter): Name = "RS Part Number"; Value = "1757510"; VariantName = "[No Variations]"
Add component (AddParameter): Name = "RS Price/Stock"; Value = "http://uk.rs-online.com/web/p/products/1757510"; VariantName = "[No Variations]"
Add component (AddParameter): Name = "Availability"; Value = "Unavailable"; VariantName = "[No Variations]"
Add component (AddParameter): Name = "MF"; Value = "Global Connector Technology"; VariantName = "[No Variations]"
Add component (AddParameter): Name = "MP"; Value = "SIM8050-6-0-14-00-A"; VariantName = "[No Variations]"
Add component (AddParameter): Name = "Package"; Value = "None"; VariantName = "[No Variations]"
Add component (AddParameter): Name = "Price"; Value = "None"; VariantName = "[No Variations]"
Add component (AddParameter): Name = "SnapEDA_Link"; Value = "https://www.snapeda.com/parts/SIM8050-6-0-14-00-A/Global%20Connector%20Technology/view-part/?ref=snap"; VariantName = "[No Variations]"
Add component (AddParameter): Name = "Value"; Value = ""; VariantName = "[No Variations]"
Added Component: Designator=J2(GCT_SIM8050-6-0-14-00-X_REVF_SIM8050-6-0-14-00-X_REVF(Primary))
Add component. Clean all parameters for all variants
Add component (AddParameter): Name = "Availability"; Value = "Unavailable"; VariantName = "[No Variations]"
Add component (AddParameter): Name = "MF"; Value = "Global Connector Technology"; VariantName = "[No Variations]"
Add component (AddParameter): Name = "MP"; Value = "SIM8050-6-0-14-00-A"; VariantName = "[No Variations]"
Add component (AddParameter): Name = "Package"; Value = "None"; VariantName = "[No Variations]"
Add component (AddParameter): Name = "Price"; Value = "None"; VariantName = "[No Variations]"
Add component (AddParameter): Name = "SnapEDA_Link"; Value = "https://www.snapeda.com/parts/SIM8050-6-0-14-00-A/Global%20Connector%20Technology/view-part/?ref=snap"; VariantName = "[No Variations]"
Add component (AddParameter): Name = "Value"; Value = ""; VariantName = "[No Variations]"
Add component (AddParameter): Name = "Arrow Part Number"; Value = "U.FL-R-SMT-1(10)"; VariantName = "[No Variations]"
Add component (AddParameter): Name = "Arrow Price/Stock"; Value = "https://www.arrow.com/en/products/u.fl-r-smt-1-10/hirose-electric"; VariantName = "[No Variations]"
Add component (AddParameter): Name = "Datasheet Link"; Value = "https://www.hirose.com/product/en/download_file/key_name/U.FL-R-SMT-1%2810%29/category/Drawing%20(2D)/doc_file_id/37627/?file_category_id=6&item_id=03310472210&is_series="; VariantName = "[No Variations]"
Add component (AddParameter): Name = "Manufacturer_Name"; Value = "Hirose"; VariantName = "[No Variations]"
Add component (AddParameter): Name = "Manufacturer_Part_Number"; Value = "U.FL-R-SMT-1(10)"; VariantName = "[No Variations]"
Add component (AddParameter): Name = "RS Part Number"; Value = "1757510"; VariantName = "[No Variations]"
Add component (AddParameter): Name = "RS Price/Stock"; Value = "http://uk.rs-online.com/web/p/products/1757510"; VariantName = "[No Variations]"
Added Component: Designator=J3(U.FL-R-SMT-1(10))
Add component. Clean all parameters for all variants
Add component (AddParameter): Name = "Arrow Part Number"; Value = "U.FL-R-SMT-1(10)"; VariantName = "[No Variations]"
Add component (AddParameter): Name = "Arrow Price/Stock"; Value = "https://www.arrow.com/en/products/u.fl-r-smt-1-10/hirose-electric"; VariantName = "[No Variations]"
Add component (AddParameter): Name = "Datasheet Link"; Value = "https://www.hirose.com/product/en/download_file/key_name/U.FL-R-SMT-1%2810%29/category/Drawing%20(2D)/doc_file_id/37627/?file_category_id=6&item_id=03310472210&is_series="; VariantName = "[No Variations]"
Add component (AddParameter): Name = "Manufacturer_Name"; Value = "Hirose"; VariantName = "[No Variations]"
Add component (AddParameter): Name = "Manufacturer_Part_Number"; Value = "U.FL-R-SMT-1(10)"; VariantName = "[No Variations]"
Add component (AddParameter): Name = "RS Part Number"; Value = "1757510"; VariantName = "[No Variations]"
Add component (AddParameter): Name = "RS Price/Stock"; Value = "http://uk.rs-online.com/web/p/products/1757510"; VariantName = "[No Variations]"
Add component (AddParameter): Name = "Value"; Value = "47nH"; VariantName = "[No Variations]"
Added Component: Designator=L1(INDUCTOR 12.5x12.5)
Add component. Clean all parameters for all variants
Add component (AddParameter): Name = "Value"; Value = "47nH"; VariantName = "[No Variations]"
Added Component: Designator=NM1(CAP-SM-0805)
Add component. Clean all parameters for all variants
Added Component: Designator=NM2(CAP-SM-0805)
Add component. Clean all parameters for all variants
Added Component: Designator=Q1(QTO-92)
Add component. Clean all parameters for all variants
Added Component: Designator=Q2(QTO-92)
Add component. Clean all parameters for all variants
Added Component: Designator=Q3(QTO-92)
Add component. Clean all parameters for all variants
Add component (AddParameter): Name = "Value"; Value = "4,7K"; VariantName = "[No Variations]"
Added Component: Designator=R14(RES-SM-0603)
Add component. Clean all parameters for all variants
Add component (AddParameter): Name = "Value"; Value = "4,7K"; VariantName = "[No Variations]"
Add component (AddParameter): Name = "Value"; Value = "47K"; VariantName = "[No Variations]"
Added Component: Designator=R15(RES-SM-0603)
Add component. Clean all parameters for all variants
Add component (AddParameter): Name = "Value"; Value = "47K"; VariantName = "[No Variations]"
Add component (AddParameter): Name = "Value"; Value = "4,7K"; VariantName = "[No Variations]"
Added Component: Designator=R16(RES-SM-0603)
Add component. Clean all parameters for all variants
Add component (AddParameter): Name = "Value"; Value = "4,7K"; VariantName = "[No Variations]"
Add component (AddParameter): Name = "Value"; Value = "47K"; VariantName = "[No Variations]"
Added Component: Designator=R17(RES-SM-0603)
Add component. Clean all parameters for all variants
Add component (AddParameter): Name = "Value"; Value = "47K"; VariantName = "[No Variations]"
Add component (AddParameter): Name = "Value"; Value = "1K"; VariantName = "[No Variations]"
Added Component: Designator=R18(RES-SM-0603)
Add component. Clean all parameters for all variants
Add component (AddParameter): Name = "Value"; Value = "1K"; VariantName = "[No Variations]"
Add component (AddParameter): Name = "Value"; Value = "22R"; VariantName = "[No Variations]"
Added Component: Designator=R19(RES-SM-0603)
Add component. Clean all parameters for all variants
Add component (AddParameter): Name = "Value"; Value = "22R"; VariantName = "[No Variations]"
Add component (AddParameter): Name = "Value"; Value = "22R"; VariantName = "[No Variations]"
Added Component: Designator=R20(RES-SM-0603)
Add component. Clean all parameters for all variants
Add component (AddParameter): Name = "Value"; Value = "22R"; VariantName = "[No Variations]"
Add component (AddParameter): Name = "Value"; Value = "22R"; VariantName = "[No Variations]"
Added Component: Designator=R21(RES-SM-0603)
Add component. Clean all parameters for all variants
Add component (AddParameter): Name = "Value"; Value = "22R"; VariantName = "[No Variations]"
Add component (AddParameter): Name = "Value"; Value = "4,7K"; VariantName = "[No Variations]"
Added Component: Designator=R22(RES-SM-0603)
Add component. Clean all parameters for all variants
Add component (AddParameter): Name = "Value"; Value = "4,7K"; VariantName = "[No Variations]"
Add component (AddParameter): Name = "Value"; Value = "47K"; VariantName = "[No Variations]"
Added Component: Designator=R23(RES-SM-0603)
Add component. Clean all parameters for all variants
Add component (AddParameter): Name = "Value"; Value = "47K"; VariantName = "[No Variations]"
Add component (AddParameter): Name = "Value"; Value = "0R"; VariantName = "[No Variations]"
Added Component: Designator=R24(RES-SM-0603)
Add component. Clean all parameters for all variants
Add component (AddParameter): Name = "Value"; Value = "0R"; VariantName = "[No Variations]"
Add component (AddParameter): Name = "Value"; Value = "10R"; VariantName = "[No Variations]"
Added Component: Designator=R25(RES 1/2W)
Add component. Clean all parameters for all variants
Add component (AddParameter): Name = "Value"; Value = "10R"; VariantName = "[No Variations]"
Add component (AddParameter): Name = "Availability"; Value = "Unavailable"; VariantName = "[No Variations]"
Add component (AddParameter): Name = "MF"; Value = "Quectel"; VariantName = "[No Variations]"
Add component (AddParameter): Name = "MP"; Value = "M95"; VariantName = "[No Variations]"
Add component (AddParameter): Name = "Package"; Value = "SMD-16 Quectel"; VariantName = "[No Variations]"
Add component (AddParameter): Name = "Price"; Value = "None"; VariantName = "[No Variations]"
Add component (AddParameter): Name = "SnapEDA_Link"; Value = "https://www.snapeda.com/parts/M95/Quectel/view-part/?ref=snap"; VariantName = "[No Variations]"
Add component (AddParameter): Name = "Value"; Value = ""; VariantName = "[No Variations]"
Added Component: Designator=U2(XCVR_M95)
Add component. Clean all parameters for all variants
Add component (AddParameter): Name = "Availability"; Value = "Unavailable"; VariantName = "[No Variations]"
Add component (AddParameter): Name = "MF"; Value = "Quectel"; VariantName = "[No Variations]"
Add component (AddParameter): Name = "MP"; Value = "M95"; VariantName = "[No Variations]"
Add component (AddParameter): Name = "Package"; Value = "SMD-16 Quectel"; VariantName = "[No Variations]"
Add component (AddParameter): Name = "Price"; Value = "None"; VariantName = "[No Variations]"
Add component (AddParameter): Name = "SnapEDA_Link"; Value = "https://www.snapeda.com/parts/M95/Quectel/view-part/?ref=snap"; VariantName = "[No Variations]"
Add component (AddParameter): Name = "Value"; Value = ""; VariantName = "[No Variations]"
Add component (AddParameter): Name = "Availability"; Value = "Unavailable"; VariantName = "[No Variations]"
Add component (AddParameter): Name = "MF"; Value = "Quectel"; VariantName = "[No Variations]"
Add component (AddParameter): Name = "MP"; Value = "L70"; VariantName = "[No Variations]"
Add component (AddParameter): Name = "Package"; Value = "None"; VariantName = "[No Variations]"
Add component (AddParameter): Name = "Price"; Value = "None"; VariantName = "[No Variations]"
Add component (AddParameter): Name = "SnapEDA_Link"; Value = "https://www.snapeda.com/parts/L70/Quectel/view-part/?ref=snap"; VariantName = "[No Variations]"
Add component (AddParameter): Name = "Value"; Value = ""; VariantName = "[No Variations]"
Added Component: Designator=U3(MOD18)
Add component. Clean all parameters for all variants
Add component (AddParameter): Name = "Availability"; Value = "Unavailable"; VariantName = "[No Variations]"
Add component (AddParameter): Name = "MF"; Value = "Quectel"; VariantName = "[No Variations]"
Add component (AddParameter): Name = "MP"; Value = "L70"; VariantName = "[No Variations]"
Add component (AddParameter): Name = "Package"; Value = "None"; VariantName = "[No Variations]"
Add component (AddParameter): Name = "Price"; Value = "None"; VariantName = "[No Variations]"
Add component (AddParameter): Name = "SnapEDA_Link"; Value = "https://www.snapeda.com/parts/L70/Quectel/view-part/?ref=snap"; VariantName = "[No Variations]"
Add component (AddParameter): Name = "Value"; Value = ""; VariantName = "[No Variations]"
Added Pin To Net: NetName=3V3 Pin=U3-8
Added Net: Name=3V3
Added Net: Name=5V
Added Pin To Net: NetName=EMERG_OFF Pin=Q1-2
Added Pin To Net: NetName=EMERG_OFF Pin=U2-11
Added Net: Name=EMERG_OFF
Added Pin To Net: NetName=GND Pin=C13-1
Added Pin To Net: NetName=GND Pin=C14-1
Added Pin To Net: NetName=GND Pin=C15-1
Added Pin To Net: NetName=GND Pin=C16-1
Added Pin To Net: NetName=GND Pin=C17-2
Added Pin To Net: NetName=GND Pin=C18-1
Added Pin To Net: NetName=GND Pin=D8-1
Added Pin To Net: NetName=GND Pin=J1-2
Added Pin To Net: NetName=GND Pin=J1-3
Added Pin To Net: NetName=GND Pin=J3-2
Added Pin To Net: NetName=GND Pin=J3-3
Added Pin To Net: NetName=GND Pin=NM1-1
Added Pin To Net: NetName=GND Pin=NM2-1
Added Pin To Net: NetName=GND Pin=Q1-1
Added Pin To Net: NetName=GND Pin=Q2-1
Added Pin To Net: NetName=GND Pin=Q3-1
Added Pin To Net: NetName=GND Pin=R15-2
Added Pin To Net: NetName=GND Pin=R17-2
Added Pin To Net: NetName=GND Pin=R23-2
Added Pin To Net: NetName=GND Pin=U2-35
Added Pin To Net: NetName=GND Pin=U2-36
Added Pin To Net: NetName=GND Pin=U2-37
Added Pin To Net: NetName=GND Pin=U2-38
Added Pin To Net: NetName=GND Pin=U2-40
Added Pin To Net: NetName=GND Pin=U3-1
Added Pin To Net: NetName=GND Pin=U3-12
Added Net: Name=GND
Added Pin To Net: NetName=GPIO_EMERG_OFF Pin=R14-1
Added Net: Name=GPIO_EMERG_OFF
Added Pin To Net: NetName=GPIO_GPS_RESET Pin=R22-1
Added Net: Name=GPIO_GPS_RESET
Added Pin To Net: NetName=GPIO_PWRKEY Pin=R16-1
Added Net: Name=GPIO_PWRKEY
Added Pin To Net: NetName=GPS_PPS Pin=U3-4
Added Net: Name=GPS_PPS
Added Pin To Net: NetName=GPS_RESET Pin=Q3-2
Added Pin To Net: NetName=GPS_RESET Pin=U3-9
Added Net: Name=GPS_RESET
Added Pin To Net: NetName=GPS_RXD Pin=U3-3
Added Net: Name=GPS_RXD
Added Pin To Net: NetName=GPS_TXD Pin=U3-2
Added Net: Name=GPS_TXD
Added Pin To Net: NetName=GSM_CTS Pin=U2-23
Added Net: Name=GSM_CTS
Added Net: Name=GSM_RTS
Added Pin To Net: NetName=GSM_RXD Pin=U2-21
Added Net: Name=GSM_RXD
Added Pin To Net: NetName=GSM_STATUS Pin=U2-12
Added Net: Name=GSM_STATUS
Added Pin To Net: NetName=GSM_TXD Pin=U2-22
Added Pin To Net: NetName=GSM_TXD Pin=U2-24
Added Net: Name=GSM_TXD
Added Net: Name=JTCK_SWCLK
Added Net: Name=JTMS_SWDIO
Added Net: Name=LED_ALARM_1
Added Net: Name=LED_ALARM_2
Added Net: Name=LED_ALARM_3
Added Net: Name=LED_ALARM_4
Added Net: Name=LED_ALARM_5
Added Net: Name=MCU_VBAT
Added Net: Name=Net1_1
Added Net: Name=Net2_5
Added Net: Name=Net2_6
Added Net: Name=NetB1_1
Added Net: Name=NetB1_2
Added Net: Name=NetB1_6
Added Net: Name=NetB1_7
Added Net: Name=NetC1_1
Added Net: Name=NetC8_2
Added Pin To Net: NetName=NetC18_2 Pin=C18-2
Added Pin To Net: NetName=NetC18_2 Pin=J3-1
Added Pin To Net: NetName=NetC18_2 Pin=L1-2
Added Pin To Net: NetName=NetC18_2 Pin=R24-1
Added Net: Name=NetC18_2
Added Net: Name=NetD2_2
Added Net: Name=NetD3_1
Added Net: Name=NetD4_1
Added Net: Name=NetD5_1
Added Net: Name=NetD6_1
Added Net: Name=NetD7_1
Added Pin To Net: NetName=NetJ1_1 Pin=J1-1
Added Pin To Net: NetName=NetJ1_1 Pin=NM2-2
Added Pin To Net: NetName=NetJ1_1 Pin=R18-2
Added Net: Name=NetJ1_1
Added Pin To Net: NetName=NetL1_1 Pin=L1-1
Added Pin To Net: NetName=NetL1_1 Pin=R25-1
Added Net: Name=NetL1_1
Added Pin To Net: NetName=NetQ1_3 Pin=Q1-3
Added Pin To Net: NetName=NetQ1_3 Pin=R14-2
Added Pin To Net: NetName=NetQ1_3 Pin=R15-1
Added Net: Name=NetQ1_3
Added Pin To Net: NetName=NetQ2_3 Pin=Q2-3
Added Pin To Net: NetName=NetQ2_3 Pin=R16-2
Added Pin To Net: NetName=NetQ2_3 Pin=R17-1
Added Net: Name=NetQ2_3
Added Pin To Net: NetName=NetQ3_3 Pin=Q3-3
Added Pin To Net: NetName=NetQ3_3 Pin=R22-2
Added Pin To Net: NetName=NetQ3_3 Pin=R23-1
Added Net: Name=NetQ3_3
Added Net: Name=NetR7_2
Added Net: Name=NRST
Added Pin To Net: NetName=PWRKEY Pin=Q2-2
Added Pin To Net: NetName=PWRKEY Pin=U2-10
Added Net: Name=PWRKEY
Added Pin To Net: NetName=RF_ANT Pin=NM1-2
Added Pin To Net: NetName=RF_ANT Pin=R18-1
Added Pin To Net: NetName=RF_ANT Pin=U2-39
Added Net: Name=RF_ANT
Added Pin To Net: NetName=RF_IN Pin=C17-1
Added Pin To Net: NetName=RF_IN Pin=R24-2
Added Pin To Net: NetName=RF_IN Pin=U3-11
Added Net: Name=RF_IN
Added Pin To Net: NetName=SIM_CLK Pin=R20-1
Added Pin To Net: NetName=SIM_CLK Pin=U2-30
Added Net: Name=SIM_CLK
Added Pin To Net: NetName=SIM_DATA Pin=R21-1
Added Pin To Net: NetName=SIM_DATA Pin=U2-29
Added Net: Name=SIM_DATA
Added Pin To Net: NetName=SIM_GND Pin=C12-2
Added Pin To Net: NetName=SIM_GND Pin=J2-C5
Added Pin To Net: NetName=SIM_GND Pin=U2-31
Added Net: Name=SIM_GND
Added Pin To Net: NetName=SIM_RST Pin=R19-1
Added Pin To Net: NetName=SIM_RST Pin=U2-28
Added Net: Name=SIM_RST
Added Pin To Net: NetName=SIM_VDD Pin=C12-1
Added Pin To Net: NetName=SIM_VDD Pin=C13-2
Added Pin To Net: NetName=SIM_VDD Pin=C14-2
Added Pin To Net: NetName=SIM_VDD Pin=C15-2
Added Pin To Net: NetName=SIM_VDD Pin=C16-2
Added Pin To Net: NetName=SIM_VDD Pin=D8-2
Added Pin To Net: NetName=SIM_VDD Pin=J2-C1
Added Pin To Net: NetName=SIM_VDD Pin=J2-C2
Added Pin To Net: NetName=SIM_VDD Pin=J2-C3
Added Pin To Net: NetName=SIM_VDD Pin=J2-C7
Added Pin To Net: NetName=SIM_VDD Pin=R19-2
Added Pin To Net: NetName=SIM_VDD Pin=R20-2
Added Pin To Net: NetName=SIM_VDD Pin=R21-2
Added Pin To Net: NetName=SIM_VDD Pin=U2-27
Added Net: Name=SIM_VDD
Added Net: Name=TP_VCC
Added Pin To Net: NetName=V_GSM Pin=U2-33
Added Pin To Net: NetName=V_GSM Pin=U2-34
Added Net: Name=V_GSM
Added Net: Name=V_PinLipo+
Added Pin To Net: NetName=VCC_RF Pin=R25-2
Added Pin To Net: NetName=VCC_RF Pin=U3-14
Added Net: Name=VCC_RF
Added Class: Name=Page2_power
Added Class: Name=page3_mcu
Added Class: Name=Page4_GSM
Added Class: Name=Page5_GPS
Added Room: Name=Page2_power
Added Room: Name=page3_mcu
Added Room: Name=Page4_GSM
Added Room: Name=Page5_GPS
