Add component (AddParameter): Name = "LatestRevisionDate"; Value = "17-Jul-2002"; VariantName = "[No Variations]"
Add component (AddParameter): Name = "LatestRevisionNote"; Value = "Re-released for DXP Platform."; VariantName = "[No Variations]"
Add component (AddParameter): Name = "Publisher"; Value = "Altium Limited"; VariantName = "[No Variations]"
Added Component: Designator=P1(JP4)
Add component. Clean all parameters for all variants
Add component (AddParameter): Name = "LatestRevisionDate"; Value = "17-Jul-2002"; VariantName = "[No Variations]"
Add component (AddParameter): Name = "LatestRevisionNote"; Value = "Re-released for DXP Platform."; VariantName = "[No Variations]"
Add component (AddParameter): Name = "Publisher"; Value = "Altium Limited"; VariantName = "[No Variations]"
Added Pin To Net: NetName=VCC Pin=P1-1
Added Pin To Net: NetName=RST Pin=P1-2
Added Pin To Net: NetName=P1.3 Pin=P1-3
Added Pin To Net: NetName=GND Pin=P1-4
Change Net Name : Old Net Name=P1.3 New Net Name=P2.6
Added Member To Class: ClassName=SNP_BoardSupport Member=Component C1 Cap Non Pol
Added Member To Class: ClassName=SNP_BoardSupport Member=Component C2 Cap Non Pol
Added Member To Class: ClassName=SNP_BoardSupport Member=Component P1 Header 4
Added Member To Class: ClassName=SNP_BoardSupport Member=Component R1 Resistor
Added Member To Class: ClassName=SNP_BoardSupport Member=Component R2 Resistor
Added Member To Class: ClassName=SNP_BoardSupport Member=Component SW1 SW
Added Member To Class: ClassName=SNP_BoardSupport Member=Component SW2 SW
